{"C:\\Users\\T\\Documents\\SCHOOL\\semester4\\classes\\js\\week13\\unit-testing-operators\\index.js": {"path":"C:\\Users\\T\\Documents\\SCHOOL\\semester4\\classes\\js\\week13\\unit-testing-operators\\index.js","all":false,"statementMap":{"0":{"start":{"line":1,"column":0},"end":{"line":1,"column":47}},"1":{"start":{"line":2,"column":0},"end":{"line":2,"column":43}},"2":{"start":{"line":3,"column":0},"end":{"line":3,"column":22}},"3":{"start":{"line":4,"column":0},"end":{"line":4,"column":30}},"4":{"start":{"line":5,"column":0},"end":{"line":5,"column":12}},"5":{"start":{"line":6,"column":0},"end":{"line":6,"column":1}}},"s":{"0":1,"1":1,"2":1,"3":0,"4":1,"5":1},"branchMap":{"0":{"type":"branch","line":1,"loc":{"start":{"line":1,"column":17},"end":{"line":6,"column":1}},"locations":[{"start":{"line":1,"column":17},"end":{"line":6,"column":1}}]}},"b":{"0":[1]},"fnMap":{"0":{"name":"timerGame","decl":{"start":{"line":1,"column":17},"end":{"line":6,"column":1}},"loc":{"start":{"line":1,"column":17},"end":{"line":6,"column":1}},"line":1}},"f":{"0":1}}
}
